# JRE version: OpenJDK Runtime Environment Temurin-17.0.13+11 (17.0.13+11) (build 17.0.13+11)
# Java VM: OpenJDK 64-Bit Server VM Temurin-17.0.13+11 (17.0.13+11, mixed mode, tiered, compressed oops, compressed class ptrs, parallel gc, windows-amd64)
GC Precious Log:
 CPUs: 12 total, 12 available
 Memory: 15753M
 Large Page Support: Disabled
 NUMA Support: Disabled
 Compressed Oops: Enabled (32-bit)
 Alignments: Space 512K, Generation 512K, Heap 2M
 Heap Min Capacity: 100M
 Heap Initial Capacity: 100M
 Heap Max Capacity: 1G
 Pre-touch: Disabled
 Parallel Workers: 10
Heap:
 PSYoungGen      total 25600K, used 13999K [0x00000000eab00000, 0x00000000eca00000, 0x0000000100000000)
  eden space 19456K, 41% used [0x00000000eab00000,0x00000000eb2d0c98,0x00000000ebe00000)
  from space 6144K, 97% used [0x00000000ebe00000,0x00000000ec3db230,0x00000000ec400000)
  to   space 6144K, 0% used [0x00000000ec400000,0x00000000ec400000,0x00000000eca00000)
 ParOldGen       total 124416K, used 109592K [0x00000000c0000000, 0x00000000c7980000, 0x00000000eab00000)
  object space 124416K, 88% used [0x00000000c0000000,0x00000000c6b06170,0x00000000c7980000)
 Metaspace       used 80063K, committed 81600K, reserved 1179648K
  class space    used 8772K, committed 9472K, reserved 1048576K
GC Heap History (20 events):
Event: 57.085 GC heap before
{Heap before GC invocations=125 (full 6):
 PSYoungGen      total 27136K, used 27107K [0x00000000eab00000, 0x00000000ece00000, 0x0000000100000000)
  eden space 19456K, 100% used [0x00000000eab00000,0x00000000ebe00000,0x00000000ebe00000)
  from space 7680K, 99% used [0x00000000ebe00000,0x00000000ec578fe0,0x00000000ec580000)
  to   space 8192K, 0% used [0x00000000ec600000,0x00000000ec600000,0x00000000ece00000)
 ParOldGen       total 124416K, used 105552K [0x00000000c0000000, 0x00000000c7980000, 0x00000000eab00000)
  object space 124416K, 84% used [0x00000000c0000000,0x00000000c6714300,0x00000000c7980000)
 Metaspace       used 79370K, committed 80832K, reserved 1179648K
  class space    used 8722K, committed 9408K, reserved 1048576K
}
Event: 57.094 GC heap after
{Heap after GC invocations=125 (full 6):
 PSYoungGen      total 27136K, used 7561K [0x00000000eab00000, 0x00000000ecd80000, 0x0000000100000000)
  eden space 19456K, 0% used [0x00000000eab00000,0x00000000eab00000,0x00000000ebe00000)
  from space 7680K, 98% used [0x00000000ec600000,0x00000000ecd62700,0x00000000ecd80000)
  to   space 7680K, 0% used [0x00000000ebe00000,0x00000000ebe00000,0x00000000ec580000)
 ParOldGen       total 124416K, used 105904K [0x00000000c0000000, 0x00000000c7980000, 0x00000000eab00000)
  object space 124416K, 85% used [0x00000000c0000000,0x00000000c676c300,0x00000000c7980000)
 Metaspace       used 79370K, committed 80832K, reserved 1179648K
  class space    used 8722K, committed 9408K, reserved 1048576K
}
Event: 57.389 GC heap before
{Heap before GC invocations=126 (full 6):
 PSYoungGen      total 27136K, used 27017K [0x00000000eab00000, 0x00000000ecd80000, 0x0000000100000000)
  eden space 19456K, 100% used [0x00000000eab00000,0x00000000ebe00000,0x00000000ebe00000)
  from space 7680K, 98% used [0x00000000ec600000,0x00000000ecd62700,0x00000000ecd80000)
  to   space 7680K, 0% used [0x00000000ebe00000,0x00000000ebe00000,0x00000000ec580000)
 ParOldGen       total 124416K, used 105904K [0x00000000c0000000, 0x00000000c7980000, 0x00000000eab00000)
  object space 124416K, 85% used [0x00000000c0000000,0x00000000c676c300,0x00000000c7980000)
 Metaspace       used 79509K, committed 81024K, reserved 1179648K
  class space    used 8734K, committed 9472K, reserved 1048576K
}
Event: 57.397 GC heap after
{Heap after GC invocations=126 (full 6):
 PSYoungGen      total 27136K, used 7658K [0x00000000eab00000, 0x00000000ece00000, 0x0000000100000000)
  eden space 19456K, 0% used [0x00000000eab00000,0x00000000eab00000,0x00000000ebe00000)
  from space 7680K, 99% used [0x00000000ebe00000,0x00000000ec57a980,0x00000000ec580000)
  to   space 8192K, 0% used [0x00000000ec600000,0x00000000ec600000,0x00000000ece00000)
 ParOldGen       total 124416K, used 106080K [0x00000000c0000000, 0x00000000c7980000, 0x00000000eab00000)
  object space 124416K, 85% used [0x00000000c0000000,0x00000000c6798360,0x00000000c7980000)
 Metaspace       used 79509K, committed 81024K, reserved 1179648K
  class space    used 8734K, committed 9472K, reserved 1048576K
}
Event: 57.567 GC heap before
{Heap before GC invocations=127 (full 6):
 PSYoungGen      total 27136K, used 27114K [0x00000000eab00000, 0x00000000ece00000, 0x0000000100000000)
  eden space 19456K, 100% used [0x00000000eab00000,0x00000000ebe00000,0x00000000ebe00000)
  from space 7680K, 99% used [0x00000000ebe00000,0x00000000ec57a980,0x00000000ec580000)
  to   space 8192K, 0% used [0x00000000ec600000,0x00000000ec600000,0x00000000ece00000)
 ParOldGen       total 124416K, used 106080K [0x00000000c0000000, 0x00000000c7980000, 0x00000000eab00000)
  object space 124416K, 85% used [0x00000000c0000000,0x00000000c6798360,0x00000000c7980000)
 Metaspace       used 79574K, committed 81088K, reserved 1179648K
  class space    used 8743K, committed 9472K, reserved 1048576K
}
Event: 57.575 GC heap after
{Heap after GC invocations=127 (full 6):
 PSYoungGen      total 25600K, used 5686K [0x00000000eab00000, 0x00000000ecc00000, 0x0000000100000000)
  eden space 19456K, 0% used [0x00000000eab00000,0x00000000eab00000,0x00000000ebe00000)
  from space 6144K, 92% used [0x00000000ec600000,0x00000000ecb8db40,0x00000000ecc00000)
  to   space 6656K, 0% used [0x00000000ebf00000,0x00000000ebf00000,0x00000000ec580000)
 ParOldGen       total 124416K, used 108200K [0x00000000c0000000, 0x00000000c7980000, 0x00000000eab00000)
  object space 124416K, 86% used [0x00000000c0000000,0x00000000c69aa1f8,0x00000000c7980000)
 Metaspace       used 79574K, committed 81088K, reserved 1179648K
  class space    used 8743K, committed 9472K, reserved 1048576K
}
Event: 57.867 GC heap before
{Heap before GC invocations=128 (full 6):
 PSYoungGen      total 25600K, used 25142K [0x00000000eab00000, 0x00000000ecc00000, 0x0000000100000000)
  eden space 19456K, 100% used [0x00000000eab00000,0x00000000ebe00000,0x00000000ebe00000)
  from space 6144K, 92% used [0x00000000ec600000,0x00000000ecb8db40,0x00000000ecc00000)
  to   space 6656K, 0% used [0x00000000ebf00000,0x00000000ebf00000,0x00000000ec580000)
 ParOldGen       total 124416K, used 108200K [0x00000000c0000000, 0x00000000c7980000, 0x00000000eab00000)
  object space 124416K, 86% used [0x00000000c0000000,0x00000000c69aa1f8,0x00000000c7980000)
 Metaspace       used 79601K, committed 81152K, reserved 1179648K
  class space    used 8743K, committed 9472K, reserved 1048576K
}
Event: 57.872 GC heap after
{Heap after GC invocations=128 (full 6):
 PSYoungGen      total 25600K, used 5906K [0x00000000eab00000, 0x00000000eca00000, 0x0000000100000000)
  eden space 19456K, 0% used [0x00000000eab00000,0x00000000eab00000,0x00000000ebe00000)
  from space 6144K, 96% used [0x00000000ebf00000,0x00000000ec4c4b28,0x00000000ec500000)
  to   space 5120K, 0% used [0x00000000ec500000,0x00000000ec500000,0x00000000eca00000)
 ParOldGen       total 124416K, used 108200K [0x00000000c0000000, 0x00000000c7980000, 0x00000000eab00000)
  object space 124416K, 86% used [0x00000000c0000000,0x00000000c69aa1f8,0x00000000c7980000)
 Metaspace       used 79601K, committed 81152K, reserved 1179648K
  class space    used 8743K, committed 9472K, reserved 1048576K
}
Event: 58.036 GC heap before
{Heap before GC invocations=129 (full 6):
 PSYoungGen      total 25600K, used 25362K [0x00000000eab00000, 0x00000000eca00000, 0x0000000100000000)
  eden space 19456K, 100% used [0x00000000eab00000,0x00000000ebe00000,0x00000000ebe00000)
  from space 6144K, 96% used [0x00000000ebf00000,0x00000000ec4c4b28,0x00000000ec500000)
  to   space 5120K, 0% used [0x00000000ec500000,0x00000000ec500000,0x00000000eca00000)
 ParOldGen       total 124416K, used 108200K [0x00000000c0000000, 0x00000000c7980000, 0x00000000eab00000)
  object space 124416K, 86% used [0x00000000c0000000,0x00000000c69aa1f8,0x00000000c7980000)
 Metaspace       used 79646K, committed 81216K, reserved 1179648K
  class space    used 8744K, committed 9472K, reserved 1048576K
}
Event: 58.041 GC heap after
{Heap after GC invocations=129 (full 6):
 PSYoungGen      total 24576K, used 5117K [0x00000000eab00000, 0x00000000eca00000, 0x0000000100000000)
  eden space 19456K, 0% used [0x00000000eab00000,0x00000000eab00000,0x00000000ebe00000)
  from space 5120K, 99% used [0x00000000ec500000,0x00000000ec9ff4a0,0x00000000eca00000)
  to   space 6144K, 0% used [0x00000000ebe00000,0x00000000ebe00000,0x00000000ec400000)
 ParOldGen       total 124416K, used 108968K [0x00000000c0000000, 0x00000000c7980000, 0x00000000eab00000)
  object space 124416K, 87% used [0x00000000c0000000,0x00000000c6a6a3f0,0x00000000c7980000)
 Metaspace       used 79646K, committed 81216K, reserved 1179648K
  class space    used 8744K, committed 9472K, reserved 1048576K
}
Event: 58.214 GC heap before
{Heap before GC invocations=130 (full 6):
 PSYoungGen      total 24576K, used 24573K [0x00000000eab00000, 0x00000000eca00000, 0x0000000100000000)
  eden space 19456K, 100% used [0x00000000eab00000,0x00000000ebe00000,0x00000000ebe00000)
  from space 5120K, 99% used [0x00000000ec500000,0x00000000ec9ff4a0,0x00000000eca00000)
  to   space 6144K, 0% used [0x00000000ebe00000,0x00000000ebe00000,0x00000000ec400000)
 ParOldGen       total 124416K, used 108968K [0x00000000c0000000, 0x00000000c7980000, 0x00000000eab00000)
  object space 124416K, 87% used [0x00000000c0000000,0x00000000c6a6a3f0,0x00000000c7980000)
 Metaspace       used 79667K, committed 81216K, reserved 1179648K
  class space    used 8744K, committed 9472K, reserved 1048576K
}
Event: 58.219 GC heap after
{Heap after GC invocations=130 (full 6):
 PSYoungGen      total 25600K, used 5873K [0x00000000eab00000, 0x00000000eca00000, 0x0000000100000000)
  eden space 19456K, 0% used [0x00000000eab00000,0x00000000eab00000,0x00000000ebe00000)
  from space 6144K, 95% used [0x00000000ebe00000,0x00000000ec3bc6e0,0x00000000ec400000)
  to   space 6144K, 0% used [0x00000000ec400000,0x00000000ec400000,0x00000000eca00000)
 ParOldGen       total 124416K, used 109210K [0x00000000c0000000, 0x00000000c7980000, 0x00000000eab00000)
  object space 124416K, 87% used [0x00000000c0000000,0x00000000c6aa6870,0x00000000c7980000)
 Metaspace       used 79667K, committed 81216K, reserved 1179648K
  class space    used 8744K, committed 9472K, reserved 1048576K
}
Event: 58.517 GC heap before
{Heap before GC invocations=131 (full 6):
 PSYoungGen      total 25600K, used 25329K [0x00000000eab00000, 0x00000000eca00000, 0x0000000100000000)
  eden space 19456K, 100% used [0x00000000eab00000,0x00000000ebe00000,0x00000000ebe00000)
  from space 6144K, 95% used [0x00000000ebe00000,0x00000000ec3bc6e0,0x00000000ec400000)
  to   space 6144K, 0% used [0x00000000ec400000,0x00000000ec400000,0x00000000eca00000)
 ParOldGen       total 124416K, used 109210K [0x00000000c0000000, 0x00000000c7980000, 0x00000000eab00000)
  object space 124416K, 87% used [0x00000000c0000000,0x00000000c6aa6870,0x00000000c7980000)
 Metaspace       used 79718K, committed 81280K, reserved 1179648K
  class space    used 8745K, committed 9472K, reserved 1048576K
}
Event: 58.521 GC heap after
{Heap after GC invocations=131 (full 6):
 PSYoungGen      total 25600K, used 5718K [0x00000000eab00000, 0x00000000eca00000, 0x0000000100000000)
  eden space 19456K, 0% used [0x00000000eab00000,0x00000000eab00000,0x00000000ebe00000)
  from space 6144K, 93% used [0x00000000ec400000,0x00000000ec995a88,0x00000000eca00000)
  to   space 6144K, 0% used [0x00000000ebe00000,0x00000000ebe00000,0x00000000ec400000)
 ParOldGen       total 124416K, used 109218K [0x00000000c0000000, 0x00000000c7980000, 0x00000000eab00000)
  object space 124416K, 87% used [0x00000000c0000000,0x00000000c6aa8870,0x00000000c7980000)
 Metaspace       used 79718K, committed 81280K, reserved 1179648K
  class space    used 8745K, committed 9472K, reserved 1048576K
}
Event: 58.657 GC heap before
{Heap before GC invocations=132 (full 6):
 PSYoungGen      total 25600K, used 25174K [0x00000000eab00000, 0x00000000eca00000, 0x0000000100000000)
  eden space 19456K, 100% used [0x00000000eab00000,0x00000000ebe00000,0x00000000ebe00000)
  from space 6144K, 93% used [0x00000000ec400000,0x00000000ec995a88,0x00000000eca00000)
  to   space 6144K, 0% used [0x00000000ebe00000,0x00000000ebe00000,0x00000000ec400000)
 ParOldGen       total 124416K, used 109218K [0x00000000c0000000, 0x00000000c7980000, 0x00000000eab00000)
  object space 124416K, 87% used [0x00000000c0000000,0x00000000c6aa8870,0x00000000c7980000)
 Metaspace       used 79751K, committed 81344K, reserved 1179648K
  class space    used 8747K, committed 9472K, reserved 1048576K
}
Event: 58.664 GC heap after
{Heap after GC invocations=132 (full 6):
 PSYoungGen      total 25600K, used 5932K [0x00000000eab00000, 0x00000000eca00000, 0x0000000100000000)
  eden space 19456K, 0% used [0x00000000eab00000,0x00000000eab00000,0x00000000ebe00000)
  from space 6144K, 96% used [0x00000000ebe00000,0x00000000ec3cb178,0x00000000ec400000)
  to   space 6144K, 0% used [0x00000000ec400000,0x00000000ec400000,0x00000000eca00000)
 ParOldGen       total 124416K, used 109218K [0x00000000c0000000, 0x00000000c7980000, 0x00000000eab00000)
  object space 124416K, 87% used [0x00000000c0000000,0x00000000c6aa8870,0x00000000c7980000)
 Metaspace       used 79751K, committed 81344K, reserved 1179648K
  class space    used 8747K, committed 9472K, reserved 1048576K
}
Event: 63.371 GC heap before
{Heap before GC invocations=133 (full 6):
 PSYoungGen      total 25600K, used 25388K [0x00000000eab00000, 0x00000000eca00000, 0x0000000100000000)
  eden space 19456K, 100% used [0x00000000eab00000,0x00000000ebe00000,0x00000000ebe00000)
  from space 6144K, 96% used [0x00000000ebe00000,0x00000000ec3cb178,0x00000000ec400000)
  to   space 6144K, 0% used [0x00000000ec400000,0x00000000ec400000,0x00000000eca00000)
 ParOldGen       total 124416K, used 109218K [0x00000000c0000000, 0x00000000c7980000, 0x00000000eab00000)
  object space 124416K, 87% used [0x00000000c0000000,0x00000000c6aa8870,0x00000000c7980000)
 Metaspace       used 79845K, committed 81408K, reserved 1179648K
  class space    used 8756K, committed 9472K, reserved 1048576K
}
Event: 63.377 GC heap after
{Heap after GC invocations=133 (full 6):
 PSYoungGen      total 25600K, used 5786K [0x00000000eab00000, 0x00000000eca00000, 0x0000000100000000)
  eden space 19456K, 0% used [0x00000000eab00000,0x00000000eab00000,0x00000000ebe00000)
  from space 6144K, 94% used [0x00000000ec400000,0x00000000ec9a69a0,0x00000000eca00000)
  to   space 6144K, 0% used [0x00000000ebe00000,0x00000000ebe00000,0x00000000ec400000)
 ParOldGen       total 124416K, used 109322K [0x00000000c0000000, 0x00000000c7980000, 0x00000000eab00000)
  object space 124416K, 87% used [0x00000000c0000000,0x00000000c6ac2870,0x00000000c7980000)
 Metaspace       used 79845K, committed 81408K, reserved 1179648K
  class space    used 8756K, committed 9472K, reserved 1048576K
}
Event: 67.248 GC heap before
{Heap before GC invocations=134 (full 6):
 PSYoungGen      total 25600K, used 25242K [0x00000000eab00000, 0x00000000eca00000, 0x0000000100000000)
  eden space 19456K, 100% used [0x00000000eab00000,0x00000000ebe00000,0x00000000ebe00000)
  from space 6144K, 94% used [0x00000000ec400000,0x00000000ec9a69a0,0x00000000eca00000)
  to   space 6144K, 0% used [0x00000000ebe00000,0x00000000ebe00000,0x00000000ec400000)
 ParOldGen       total 124416K, used 109322K [0x00000000c0000000, 0x00000000c7980000, 0x00000000eab00000)
  object space 124416K, 87% used [0x00000000c0000000,0x00000000c6ac2870,0x00000000c7980000)
 Metaspace       used 80012K, committed 81536K, reserved 1179648K
  class space    used 8770K, committed 9472K, reserved 1048576K
}
Event: 67.251 GC heap after
{Heap after GC invocations=134 (full 6):
 PSYoungGen      total 25600K, used 5996K [0x00000000eab00000, 0x00000000eca00000, 0x0000000100000000)
  eden space 19456K, 0% used [0x00000000eab00000,0x00000000eab00000,0x00000000ebe00000)
  from space 6144K, 97% used [0x00000000ebe00000,0x00000000ec3db230,0x00000000ec400000)
  to   space 6144K, 0% used [0x00000000ec400000,0x00000000ec400000,0x00000000eca00000)
 ParOldGen       total 124416K, used 109592K [0x00000000c0000000, 0x00000000c7980000, 0x00000000eab00000)
  object space 124416K, 88% used [0x00000000c0000000,0x00000000c6b06170,0x00000000c7980000)
 Metaspace       used 80012K, committed 81536K, reserved 1179648K
  class space    used 8770K, committed 9472K, reserved 1048576K
}

