# JRE version: OpenJDK Runtime Environment Temurin-17.0.13+11 (17.0.13+11) (build 17.0.13+11)
# Java VM: OpenJDK 64-Bit Server VM Temurin-17.0.13+11 (17.0.13+11, mixed mode, tiered, compressed oops, compressed class ptrs, g1 gc, windows-amd64)
GC Precious Log:
 CPUs: 12 total, 12 available
 Memory: 15753M
 Large Page Support: Disabled
 NUMA Support: Disabled
 Compressed Oops: Enabled (Zero based)
 Heap Region Size: 2M
 Heap Min Capacity: 8M
 Heap Initial Capacity: 248M
 Heap Max Capacity: 3940M
 Pre-touch: Disabled
 Parallel Workers: 10
 Concurrent Workers: 3
 Concurrent Refinement Workers: 10
 Periodic GC: Disabled
Heap:
 garbage-first heap   total 69632K, used 22203K [0x0000000709c00000, 0x0000000800000000)
  region size 2048K, 3 young (6144K), 1 survivors (2048K)
 Metaspace       used 43529K, committed 43904K, reserved 1114112K
  class space    used 5455K, committed 5632K, reserved 1048576K
GC Heap History (20 events):
Event: 5.243 GC heap before
{Heap before GC invocations=0 (full 0):
 garbage-first heap   total 253952K, used 22528K [0x0000000709c00000, 0x0000000800000000)
  region size 2048K, 11 young (22528K), 0 survivors (0K)
 Metaspace       used 12460K, committed 12672K, reserved 1114112K
  class space    used 1330K, committed 1408K, reserved 1048576K
}
Event: 5.252 GC heap after
{Heap after GC invocations=1 (full 0):
 garbage-first heap   total 253952K, used 6994K [0x0000000709c00000, 0x0000000800000000)
  region size 2048K, 2 young (4096K), 2 survivors (4096K)
 Metaspace       used 12460K, committed 12672K, reserved 1114112K
  class space    used 1330K, committed 1408K, reserved 1048576K
}
Event: 6.185 GC heap before
{Heap before GC invocations=1 (full 0):
 garbage-first heap   total 253952K, used 29522K [0x0000000709c00000, 0x0000000800000000)
  region size 2048K, 14 young (28672K), 2 survivors (4096K)
 Metaspace       used 19464K, committed 19776K, reserved 1114112K
  class space    used 2203K, committed 2368K, reserved 1048576K
}
Event: 6.192 GC heap after
{Heap after GC invocations=2 (full 0):
 garbage-first heap   total 253952K, used 9493K [0x0000000709c00000, 0x0000000800000000)
  region size 2048K, 2 young (4096K), 2 survivors (4096K)
 Metaspace       used 19464K, committed 19776K, reserved 1114112K
  class space    used 2203K, committed 2368K, reserved 1048576K
}
Event: 6.320 GC heap before
{Heap before GC invocations=2 (full 0):
 garbage-first heap   total 253952K, used 15637K [0x0000000709c00000, 0x0000000800000000)
  region size 2048K, 6 young (12288K), 2 survivors (4096K)
 Metaspace       used 21249K, committed 21504K, reserved 1114112K
  class space    used 2427K, committed 2560K, reserved 1048576K
}
Event: 6.324 GC heap after
{Heap after GC invocations=3 (full 0):
 garbage-first heap   total 253952K, used 9731K [0x0000000709c00000, 0x0000000800000000)
  region size 2048K, 2 young (4096K), 2 survivors (4096K)
 Metaspace       used 21249K, committed 21504K, reserved 1114112K
  class space    used 2427K, committed 2560K, reserved 1048576K
}
Event: 7.193 GC heap before
{Heap before GC invocations=4 (full 0):
 garbage-first heap   total 49152K, used 32259K [0x0000000709c00000, 0x0000000800000000)
  region size 2048K, 14 young (28672K), 2 survivors (4096K)
 Metaspace       used 25724K, committed 25984K, reserved 1114112K
  class space    used 3004K, committed 3136K, reserved 1048576K
}
Event: 7.202 GC heap after
{Heap after GC invocations=5 (full 0):
 garbage-first heap   total 49152K, used 12587K [0x0000000709c00000, 0x0000000800000000)
  region size 2048K, 2 young (4096K), 2 survivors (4096K)
 Metaspace       used 25724K, committed 25984K, reserved 1114112K
  class space    used 3004K, committed 3136K, reserved 1048576K
}
Event: 7.279 GC heap before
{Heap before GC invocations=5 (full 0):
 garbage-first heap   total 49152K, used 14635K [0x0000000709c00000, 0x0000000800000000)
  region size 2048K, 3 young (6144K), 2 survivors (4096K)
 Metaspace       used 25892K, committed 26176K, reserved 1114112K
  class space    used 3017K, committed 3200K, reserved 1048576K
}
Event: 7.288 GC heap after
{Heap after GC invocations=6 (full 0):
 garbage-first heap   total 49152K, used 12837K [0x0000000709c00000, 0x0000000800000000)
  region size 2048K, 1 young (2048K), 1 survivors (2048K)
 Metaspace       used 25892K, committed 26176K, reserved 1114112K
  class space    used 3017K, committed 3200K, reserved 1048576K
}
Event: 8.023 GC heap before
{Heap before GC invocations=6 (full 0):
 garbage-first heap   total 49152K, used 27173K [0x0000000709c00000, 0x0000000800000000)
  region size 2048K, 9 young (18432K), 1 survivors (2048K)
 Metaspace       used 27973K, committed 28288K, reserved 1114112K
  class space    used 3267K, committed 3456K, reserved 1048576K
}
Event: 8.031 GC heap after
{Heap after GC invocations=7 (full 0):
 garbage-first heap   total 49152K, used 13882K [0x0000000709c00000, 0x0000000800000000)
  region size 2048K, 1 young (2048K), 1 survivors (2048K)
 Metaspace       used 27973K, committed 28288K, reserved 1114112K
  class space    used 3267K, committed 3456K, reserved 1048576K
}
Event: 8.877 GC heap before
{Heap before GC invocations=7 (full 0):
 garbage-first heap   total 49152K, used 32314K [0x0000000709c00000, 0x0000000800000000)
  region size 2048K, 10 young (20480K), 1 survivors (2048K)
 Metaspace       used 31428K, committed 31744K, reserved 1114112K
  class space    used 3750K, committed 3904K, reserved 1048576K
}
Event: 8.889 GC heap after
{Heap after GC invocations=8 (full 0):
 garbage-first heap   total 151552K, used 15522K [0x0000000709c00000, 0x0000000800000000)
  region size 2048K, 2 young (4096K), 2 survivors (4096K)
 Metaspace       used 31428K, committed 31744K, reserved 1114112K
  class space    used 3750K, committed 3904K, reserved 1048576K
}
Event: 10.256 GC heap before
{Heap before GC invocations=8 (full 0):
 garbage-first heap   total 151552K, used 33954K [0x0000000709c00000, 0x0000000800000000)
  region size 2048K, 12 young (24576K), 2 survivors (4096K)
 Metaspace       used 35717K, committed 36096K, reserved 1114112K
  class space    used 4302K, committed 4480K, reserved 1048576K
}
Event: 10.267 GC heap after
{Heap after GC invocations=9 (full 0):
 garbage-first heap   total 151552K, used 17475K [0x0000000709c00000, 0x0000000800000000)
  region size 2048K, 3 young (6144K), 3 survivors (6144K)
 Metaspace       used 35717K, committed 36096K, reserved 1114112K
  class space    used 4302K, committed 4480K, reserved 1048576K
}
Event: 11.775 GC heap before
{Heap before GC invocations=10 (full 0):
 garbage-first heap   total 69632K, used 52291K [0x0000000709c00000, 0x0000000800000000)
  region size 2048K, 20 young (40960K), 3 survivors (6144K)
 Metaspace       used 42674K, committed 43136K, reserved 1114112K
  class space    used 5347K, committed 5568K, reserved 1048576K
}
Event: 11.783 GC heap after
{Heap after GC invocations=11 (full 0):
 garbage-first heap   total 69632K, used 20099K [0x0000000709c00000, 0x0000000800000000)
  region size 2048K, 3 young (6144K), 3 survivors (6144K)
 Metaspace       used 42674K, committed 43136K, reserved 1114112K
  class space    used 5347K, committed 5568K, reserved 1048576K
}
Event: 11.899 GC heap before
{Heap before GC invocations=11 (full 0):
 garbage-first heap   total 69632K, used 22147K [0x0000000709c00000, 0x0000000800000000)
  region size 2048K, 4 young (8192K), 3 survivors (6144K)
 Metaspace       used 42853K, committed 43328K, reserved 1114112K
  class space    used 5363K, committed 5568K, reserved 1048576K
}
Event: 11.906 GC heap after
{Heap after GC invocations=12 (full 0):
 garbage-first heap   total 69632K, used 20155K [0x0000000709c00000, 0x0000000800000000)
  region size 2048K, 1 young (2048K), 1 survivors (2048K)
 Metaspace       used 42853K, committed 43328K, reserved 1114112K
  class space    used 5363K, committed 5568K, reserved 1048576K
}

